0 info it worked if it ends with ok
1 verbose cli [ '/usr/bin/nodejs', '/usr/bin/npm', 'start', 'www' ]
2 info using npm@3.5.2
3 info using node@v4.2.6
4 verbose run-script [ 'prestart', 'start', 'poststart' ]
5 info lifecycle cms@0.0.0~prestart: cms@0.0.0
6 silly lifecycle cms@0.0.0~prestart: no script for prestart, continuing
7 info lifecycle cms@0.0.0~start: cms@0.0.0
8 verbose lifecycle cms@0.0.0~start: unsafe-perm in lifecycle true
9 verbose lifecycle cms@0.0.0~start: PATH: /usr/share/npm/bin/node-gyp-bin:/home/wsy/LJT/ticket/node_modules/.bin:/home/wsy/bin:/home/wsy/.local/bin:/home/wsy/LJT/Java/jdk1.8.0_121/bin:/usr/local/sbin:/usr/local/bin:/usr/sbin:/usr/bin:/sbin:/bin:/usr/games:/usr/local/games:/snap/bin
10 verbose lifecycle cms@0.0.0~start: CWD: /home/wsy/LJT/ticket
11 silly lifecycle cms@0.0.0~start: Args: [ '-c', 'node ./bin/www "www"' ]
12 silly lifecycle cms@0.0.0~start: Returned: code: 1  signal: null
13 info lifecycle cms@0.0.0~start: Failed to exec start script
14 verbose stack Error: cms@0.0.0 start: `node ./bin/www "www"`
14 verbose stack Exit status 1
14 verbose stack     at EventEmitter.<anonymous> (/usr/share/npm/lib/utils/lifecycle.js:232:16)
14 verbose stack     at emitTwo (events.js:87:13)
14 verbose stack     at EventEmitter.emit (events.js:172:7)
14 verbose stack     at ChildProcess.<anonymous> (/usr/share/npm/lib/utils/spawn.js:24:14)
14 verbose stack     at emitTwo (events.js:87:13)
14 verbose stack     at ChildProcess.emit (events.js:172:7)
14 verbose stack     at maybeClose (internal/child_process.js:821:16)
14 verbose stack     at Process.ChildProcess._handle.onexit (internal/child_process.js:211:5)
15 verbose pkgid cms@0.0.0
16 verbose cwd /home/wsy/LJT/ticket/bin
17 error Linux 4.8.0-49-generic
18 error argv "/usr/bin/nodejs" "/usr/bin/npm" "start" "www"
19 error node v4.2.6
20 error npm  v3.5.2
21 error code ELIFECYCLE
22 error cms@0.0.0 start: `node ./bin/www "www"`
22 error Exit status 1
23 error Failed at the cms@0.0.0 start script 'node ./bin/www "www"'.
23 error Make sure you have the latest version of node.js and npm installed.
23 error If you do, this is most likely a problem with the cms package,
23 error not with npm itself.
23 error Tell the author that this fails on your system:
23 error     node ./bin/www "www"
23 error You can get information on how to open an issue for this project with:
23 error     npm bugs cms
23 error Or if that isn't available, you can get their info via:
23 error     npm owner ls cms
23 error There is likely additional logging output above.
24 verbose exit [ 1, true ]
